[ 2016-08-04T09:37:30+08:00 ] ::1 /data/admin.php?s=/Public/login.html
INFO: [ app_init ] --START--
INFO: Run Behavior\BuildLiteBehavior [ RunTime:0.000053s ]
INFO: [ app_init ] --END-- [ RunTime:0.002928s ]
INFO: [ app_begin ] --START--
INFO: Run Behavior\ReadHtmlCacheBehavior [ RunTime:0.001372s ]
INFO: [ app_begin ] --END-- [ RunTime:0.001528s ]

[ 2016-08-04T09:37:30+08:00 ] ::1 /data/admin.php?s=/Index/index.html
INFO: [ app_init ] --START--
INFO: Run Behavior\BuildLiteBehavior [ RunTime:0.000019s ]
INFO: [ app_init ] --END-- [ RunTime:0.000473s ]
INFO: [ app_begin ] --START--
INFO: Run Behavior\ReadHtmlCacheBehavior [ RunTime:0.000625s ]
INFO: [ app_begin ] --END-- [ RunTime:0.000707s ]
SQL: SHOW COLUMNS FROM `tab_game` [ RunTime:0.0221s ]
NOTIC: [8] Undefined index: p /Applications/MAMP/htdocs/data/Application/Admin/Controller/IndexController.class.php 第 16 行.
NOTIC: [8] Undefined index: fields /Applications/MAMP/htdocs/data/Application/Admin/Controller/BaseController.class.php 第 109 行.
NOTIC: [8] Undefined index: key /Applications/MAMP/htdocs/data/Application/Admin/Controller/BaseController.class.php 第 114 行.
NOTIC: [2] Invalid argument supplied for foreach() /Applications/MAMP/htdocs/data/Application/Admin/Controller/BaseController.class.php 第 114 行.
SQL: SELECT `id`,`cp_uid`,`game_name`,`game_appid`,`sort`,`short`,`inbanner`,`banner_sort`,`game_type`,`platform`,`category`,`and_dow_address`,`and_package`,`use_appstore`,`appstore`,`ios_dow_address`,`game_address`,`dow_num`,`version`,`game_size`,`sicon`,`icon`,`cover`,`screen_direction`,`screenshot`,`game_status`,`recommend_status`,`pay_status`,`dow_status`,`game_score`,`features`,`recommend_level`,`create_time` FROM `tab_game` WHERE `cp_uid` = 1 ORDER BY id desc LIMIT 0,10   [ RunTime:0.0021s ]
SQL: SELECT COUNT(*) AS tp_count FROM `tab_game` WHERE `cp_uid` = 1 LIMIT 1   [ RunTime:0.0029s ]
INFO: [ view_parse ] --START--
INFO: [ template_filter ] --START--
INFO: Run Behavior\ContentReplaceBehavior [ RunTime:0.000159s ]
INFO: [ template_filter ] --END-- [ RunTime:0.000246s ]
INFO: Run Behavior\ParseTemplateBehavior [ RunTime:0.029291s ]
INFO: [ view_parse ] --END-- [ RunTime:0.029381s ]
INFO: [ view_filter ] --START--
INFO: Run Behavior\WriteHtmlCacheBehavior [ RunTime:0.000625s ]
INFO: [ view_filter ] --END-- [ RunTime:0.000709s ]
INFO: [ app_end ] --START--
INFO: Run Behavior\ShowPageTraceBehavior [ RunTime:0.001134s ]
INFO: [ app_end ] --END-- [ RunTime:0.001241s ]

[ 2016-08-04T09:37:34+08:00 ] ::1 /data/admin.php?s=/User/logincount/appid/54A468CAEB1273B0D.html
INFO: [ app_init ] --START--
INFO: Run Behavior\BuildLiteBehavior [ RunTime:0.000017s ]
INFO: [ app_init ] --END-- [ RunTime:0.000399s ]
INFO: [ app_begin ] --START--
INFO: Run Behavior\ReadHtmlCacheBehavior [ RunTime:0.000513s ]
INFO: [ app_begin ] --END-- [ RunTime:0.000578s ]
INFO: [ view_parse ] --START--
INFO: [ template_filter ] --START--
INFO: Run Behavior\ContentReplaceBehavior [ RunTime:0.000113s ]
INFO: [ template_filter ] --END-- [ RunTime:0.000238s ]
INFO: Run Behavior\ParseTemplateBehavior [ RunTime:0.017810s ]
INFO: [ view_parse ] --END-- [ RunTime:0.017942s ]
INFO: [ view_filter ] --START--
INFO: Run Behavior\WriteHtmlCacheBehavior [ RunTime:0.000206s ]
INFO: [ view_filter ] --END-- [ RunTime:0.000268s ]
INFO: [ app_end ] --START--
INFO: Run Behavior\ShowPageTraceBehavior [ RunTime:0.001203s ]
INFO: [ app_end ] --END-- [ RunTime:0.001367s ]

[ 2016-08-04T09:37:34+08:00 ] ::1 /data/admin.php?s=/User/logincount/appid/54A468CAEB1273B0D.html
INFO: [ app_init ] --START--
INFO: Run Behavior\BuildLiteBehavior [ RunTime:0.000029s ]
INFO: [ app_init ] --END-- [ RunTime:0.000601s ]
INFO: [ app_begin ] --START--
INFO: Run Behavior\ReadHtmlCacheBehavior [ RunTime:0.000703s ]
INFO: [ app_begin ] --END-- [ RunTime:0.000783s ]
SQL: SHOW COLUMNS FROM `tab_game_login` [ RunTime:0.0051s ]
SQL: SELECT * FROM `tab_game_login` WHERE `login_time` BETWEEN 1470240000 AND 1470326399 AND `appid` = '54A468CAEB1273B0D'  [ RunTime:0.0011s ]

[ 2016-08-04T09:37:50+08:00 ] ::1 /data/admin.php?s=/User/logincount.html
INFO: [ app_init ] --START--
INFO: Run Behavior\BuildLiteBehavior [ RunTime:0.000041s ]
INFO: [ app_init ] --END-- [ RunTime:0.000707s ]
INFO: [ app_begin ] --START--
INFO: Run Behavior\ReadHtmlCacheBehavior [ RunTime:0.000810s ]
INFO: [ app_begin ] --END-- [ RunTime:0.000920s ]
INFO: [ view_parse ] --START--
INFO: [ template_filter ] --START--
INFO: Run Behavior\ContentReplaceBehavior [ RunTime:0.000287s ]
INFO: [ template_filter ] --END-- [ RunTime:0.000403s ]
INFO: Run Behavior\ParseTemplateBehavior [ RunTime:0.028364s ]
INFO: [ view_parse ] --END-- [ RunTime:0.028508s ]
INFO: [ view_filter ] --START--
INFO: Run Behavior\WriteHtmlCacheBehavior [ RunTime:0.000230s ]
INFO: [ view_filter ] --END-- [ RunTime:0.000298s ]
INFO: [ app_end ] --START--
INFO: Run Behavior\ShowPageTraceBehavior [ RunTime:0.002505s ]
INFO: [ app_end ] --END-- [ RunTime:0.002671s ]

[ 2016-08-04T09:37:50+08:00 ] ::1 /data/admin.php?s=/User/logincount.html
INFO: [ app_init ] --START--
INFO: Run Behavior\BuildLiteBehavior [ RunTime:0.000035s ]
INFO: [ app_init ] --END-- [ RunTime:0.000791s ]
INFO: [ app_begin ] --START--
INFO: Run Behavior\ReadHtmlCacheBehavior [ RunTime:0.001150s ]
INFO: [ app_begin ] --END-- [ RunTime:0.001303s ]
SQL: SHOW COLUMNS FROM `tab_game_login` [ RunTime:0.0074s ]
SQL: SELECT * FROM `tab_game_login` WHERE `login_time` BETWEEN 1470240000 AND 1470326399 AND `appid` = '54A468CAEB1273B0D'  [ RunTime:0.0028s ]

[ 2016-08-04T09:37:55+08:00 ] ::1 /data/admin.php?s=/User/newer.html
INFO: [ app_init ] --START--
INFO: Run Behavior\BuildLiteBehavior [ RunTime:0.000033s ]
INFO: [ app_init ] --END-- [ RunTime:0.000675s ]
INFO: [ app_begin ] --START--
INFO: Run Behavior\ReadHtmlCacheBehavior [ RunTime:0.000709s ]
INFO: [ app_begin ] --END-- [ RunTime:0.000808s ]
INFO: [ view_parse ] --START--
INFO: [ template_filter ] --START--
INFO: Run Behavior\ContentReplaceBehavior [ RunTime:0.000144s ]
INFO: [ template_filter ] --END-- [ RunTime:0.000233s ]
INFO: Run Behavior\ParseTemplateBehavior [ RunTime:0.020134s ]
INFO: [ view_parse ] --END-- [ RunTime:0.020255s ]
INFO: [ view_filter ] --START--
INFO: Run Behavior\WriteHtmlCacheBehavior [ RunTime:0.000193s ]
INFO: [ view_filter ] --END-- [ RunTime:0.000252s ]
INFO: [ app_end ] --START--
INFO: Run Behavior\ShowPageTraceBehavior [ RunTime:0.001076s ]
INFO: [ app_end ] --END-- [ RunTime:0.001186s ]

[ 2016-08-04T09:37:56+08:00 ] ::1 /data/admin.php?s=/User/newer.html
INFO: [ app_init ] --START--
INFO: Run Behavior\BuildLiteBehavior [ RunTime:0.000038s ]
INFO: [ app_init ] --END-- [ RunTime:0.000860s ]
INFO: [ app_begin ] --START--
INFO: Run Behavior\ReadHtmlCacheBehavior [ RunTime:0.001078s ]
INFO: [ app_begin ] --END-- [ RunTime:0.001230s ]
SQL: SHOW COLUMNS FROM `tab_game_reg` [ RunTime:0.0081s ]
SQL: SELECT * FROM `tab_game_reg` WHERE `reg_time` BETWEEN 1469635200 AND 1470274676 AND `appid` = '54A468CAEB1273B0D'  [ RunTime:0.0062s ]

[ 2016-08-04T09:38:06+08:00 ] ::1 /data/admin.php?s=/User/logincount.html
INFO: [ app_init ] --START--
INFO: Run Behavior\BuildLiteBehavior [ RunTime:0.000035s ]
INFO: [ app_init ] --END-- [ RunTime:0.000662s ]
INFO: [ app_begin ] --START--
INFO: Run Behavior\ReadHtmlCacheBehavior [ RunTime:0.000787s ]
INFO: [ app_begin ] --END-- [ RunTime:0.000888s ]
INFO: [ view_parse ] --START--
INFO: [ template_filter ] --START--
INFO: Run Behavior\ContentReplaceBehavior [ RunTime:0.000255s ]
INFO: [ template_filter ] --END-- [ RunTime:0.000369s ]
INFO: Run Behavior\ParseTemplateBehavior [ RunTime:0.020926s ]
INFO: [ view_parse ] --END-- [ RunTime:0.021066s ]
INFO: [ view_filter ] --START--
INFO: Run Behavior\WriteHtmlCacheBehavior [ RunTime:0.000218s ]
INFO: [ view_filter ] --END-- [ RunTime:0.000280s ]
INFO: [ app_end ] --START--
INFO: Run Behavior\ShowPageTraceBehavior [ RunTime:0.001097s ]
INFO: [ app_end ] --END-- [ RunTime:0.001251s ]

[ 2016-08-04T09:38:07+08:00 ] ::1 /data/admin.php?s=/User/logincount.html
INFO: [ app_init ] --START--
INFO: Run Behavior\BuildLiteBehavior [ RunTime:0.000022s ]
INFO: [ app_init ] --END-- [ RunTime:0.000492s ]
INFO: [ app_begin ] --START--
INFO: Run Behavior\ReadHtmlCacheBehavior [ RunTime:0.001091s ]
INFO: [ app_begin ] --END-- [ RunTime:0.001223s ]
SQL: SHOW COLUMNS FROM `tab_game_login` [ RunTime:0.0017s ]
SQL: SELECT * FROM `tab_game_login` WHERE `login_time` BETWEEN 1470240000 AND 1470326399 AND `appid` = '54A468CAEB1273B0D'  [ RunTime:0.0006s ]

[ 2016-08-04T09:38:08+08:00 ] ::1 /data/admin.php?s=/User/ontime.html
INFO: [ app_init ] --START--
INFO: Run Behavior\BuildLiteBehavior [ RunTime:0.000019s ]
INFO: [ app_init ] --END-- [ RunTime:0.000564s ]
INFO: [ app_begin ] --START--
INFO: Run Behavior\ReadHtmlCacheBehavior [ RunTime:0.000685s ]
INFO: [ app_begin ] --END-- [ RunTime:0.000777s ]
INFO: [ view_parse ] --START--
INFO: [ template_filter ] --START--
INFO: Run Behavior\ContentReplaceBehavior [ RunTime:0.000091s ]
INFO: [ template_filter ] --END-- [ RunTime:0.000173s ]
INFO: Run Behavior\ParseTemplateBehavior [ RunTime:0.016378s ]
INFO: [ view_parse ] --END-- [ RunTime:0.016629s ]
INFO: [ view_filter ] --START--
INFO: Run Behavior\WriteHtmlCacheBehavior [ RunTime:0.000694s ]
INFO: [ view_filter ] --END-- [ RunTime:0.000825s ]
INFO: [ app_end ] --START--
INFO: Run Behavior\ShowPageTraceBehavior [ RunTime:0.001480s ]
INFO: [ app_end ] --END-- [ RunTime:0.001601s ]

[ 2016-08-04T09:38:08+08:00 ] ::1 /data/admin.php?s=/User/ontime.html
INFO: [ app_init ] --START--
INFO: Run Behavior\BuildLiteBehavior [ RunTime:0.000039s ]
INFO: [ app_init ] --END-- [ RunTime:0.000866s ]
INFO: [ app_begin ] --START--
INFO: Run Behavior\ReadHtmlCacheBehavior [ RunTime:0.001264s ]
INFO: [ app_begin ] --END-- [ RunTime:0.001418s ]
SQL: SHOW COLUMNS FROM `tab_game_login` [ RunTime:0.0019s ]
SQL: SELECT * FROM `tab_game_login` WHERE `login_time` BETWEEN 1470240000 AND 1470326399 AND `appid` = '54A468CAEB1273B0D'  [ RunTime:0.0005s ]

[ 2016-08-04T09:38:09+08:00 ] ::1 /data/admin.php?s=/User/recharge.html
INFO: [ app_init ] --START--
INFO: Run Behavior\BuildLiteBehavior [ RunTime:0.000027s ]
INFO: [ app_init ] --END-- [ RunTime:0.000527s ]
INFO: [ app_begin ] --START--
INFO: Run Behavior\ReadHtmlCacheBehavior [ RunTime:0.001283s ]
INFO: [ app_begin ] --END-- [ RunTime:0.001483s ]
SQL: SHOW COLUMNS FROM `tab_game_recharge` [ RunTime:0.0061s ]
NOTIC: [8] Undefined index: p /Applications/MAMP/htdocs/data/Application/Admin/Controller/UserController.class.php 第 48 行.
NOTIC: [8] Undefined index: fields /Applications/MAMP/htdocs/data/Application/Admin/Controller/BaseController.class.php 第 109 行.
NOTIC: [8] Undefined index: key /Applications/MAMP/htdocs/data/Application/Admin/Controller/BaseController.class.php 第 114 行.
NOTIC: [2] Invalid argument supplied for foreach() /Applications/MAMP/htdocs/data/Application/Admin/Controller/BaseController.class.php 第 114 行.
SQL: SELECT `id`,`appid`,`uid`,`imei`,`app_version`,`amount`,`ontime`,`way`,`recharge_ip` FROM `tab_game_recharge` WHERE `appid` = '54A468CAEB1273B0D' ORDER BY id desc LIMIT 0,10   [ RunTime:0.0035s ]
SQL: SELECT COUNT(*) AS tp_count FROM `tab_game_recharge` WHERE `appid` = '54A468CAEB1273B0D' LIMIT 1   [ RunTime:0.0006s ]
INFO: [ view_parse ] --START--
INFO: [ template_filter ] --START--
INFO: Run Behavior\ContentReplaceBehavior [ RunTime:0.000195s ]
INFO: [ template_filter ] --END-- [ RunTime:0.000397s ]
INFO: Run Behavior\ParseTemplateBehavior [ RunTime:0.050826s ]
INFO: [ view_parse ] --END-- [ RunTime:0.051139s ]
INFO: [ view_filter ] --START--
INFO: Run Behavior\WriteHtmlCacheBehavior [ RunTime:0.000431s ]
INFO: [ view_filter ] --END-- [ RunTime:0.000581s ]
INFO: [ app_end ] --START--
INFO: Run Behavior\ShowPageTraceBehavior [ RunTime:0.004248s ]
INFO: [ app_end ] --END-- [ RunTime:0.004795s ]

[ 2016-08-04T09:38:11+08:00 ] ::1 /data/admin.php?s=/User/ontime.html
INFO: [ app_init ] --START--
INFO: Run Behavior\BuildLiteBehavior [ RunTime:0.000019s ]
INFO: [ app_init ] --END-- [ RunTime:0.000432s ]
INFO: [ app_begin ] --START--
INFO: Run Behavior\ReadHtmlCacheBehavior [ RunTime:0.000517s ]
INFO: [ app_begin ] --END-- [ RunTime:0.000583s ]
INFO: [ view_parse ] --START--
INFO: [ template_filter ] --START--
INFO: Run Behavior\ContentReplaceBehavior [ RunTime:0.000125s ]
INFO: [ template_filter ] --END-- [ RunTime:0.000246s ]
INFO: Run Behavior\ParseTemplateBehavior [ RunTime:0.017494s ]
INFO: [ view_parse ] --END-- [ RunTime:0.017568s ]
INFO: [ view_filter ] --START--
INFO: Run Behavior\WriteHtmlCacheBehavior [ RunTime:0.000214s ]
INFO: [ view_filter ] --END-- [ RunTime:0.000281s ]
INFO: [ app_end ] --START--
INFO: Run Behavior\ShowPageTraceBehavior [ RunTime:0.000868s ]
INFO: [ app_end ] --END-- [ RunTime:0.000962s ]

[ 2016-08-04T09:38:11+08:00 ] ::1 /data/admin.php?s=/User/ontime.html
INFO: [ app_init ] --START--
INFO: Run Behavior\BuildLiteBehavior [ RunTime:0.000021s ]
INFO: [ app_init ] --END-- [ RunTime:0.000477s ]
INFO: [ app_begin ] --START--
INFO: Run Behavior\ReadHtmlCacheBehavior [ RunTime:0.000718s ]
INFO: [ app_begin ] --END-- [ RunTime:0.000801s ]
SQL: SHOW COLUMNS FROM `tab_game_login` [ RunTime:0.0017s ]
SQL: SELECT * FROM `tab_game_login` WHERE `login_time` BETWEEN 1470240000 AND 1470326399 AND `appid` = '54A468CAEB1273B0D'  [ RunTime:0.0007s ]

[ 2016-08-04T09:38:27+08:00 ] ::1 /data/admin.php?s=/Device/hardware.html
INFO: [ app_init ] --START--
INFO: Run Behavior\BuildLiteBehavior [ RunTime:0.000027s ]
INFO: [ app_init ] --END-- [ RunTime:0.000553s ]
INFO: [ app_begin ] --START--
INFO: Run Behavior\ReadHtmlCacheBehavior [ RunTime:0.000599s ]
INFO: [ app_begin ] --END-- [ RunTime:0.000673s ]
SQL: SHOW COLUMNS FROM `tab_game_device` [ RunTime:0.0020s ]
NOTIC: [8] Undefined variable: w /Applications/MAMP/htdocs/data/Application/Admin/Controller/DeviceController.class.php 第 24 行.
NOTIC: [8] Undefined index: p /Applications/MAMP/htdocs/data/Application/Admin/Controller/DeviceController.class.php 第 25 行.
NOTIC: [8] Undefined index: fields /Applications/MAMP/htdocs/data/Application/Admin/Controller/BaseController.class.php 第 109 行.
NOTIC: [8] Undefined index: key /Applications/MAMP/htdocs/data/Application/Admin/Controller/BaseController.class.php 第 114 行.
NOTIC: [2] Invalid argument supplied for foreach() /Applications/MAMP/htdocs/data/Application/Admin/Controller/BaseController.class.php 第 114 行.
SQL: SELECT `id`,`appid`,`uid`,`imei`,`app_version`,`device`,`size`,`available`,`width`,`height` FROM `tab_game_device` ORDER BY id desc LIMIT 0,10   [ RunTime:0.0006s ]
SQL: SELECT COUNT(*) AS tp_count FROM `tab_game_device` LIMIT 1   [ RunTime:0.0020s ]
INFO: [ view_parse ] --START--
INFO: [ template_filter ] --START--
INFO: Run Behavior\ContentReplaceBehavior [ RunTime:0.000139s ]
INFO: [ template_filter ] --END-- [ RunTime:0.000226s ]
INFO: Run Behavior\ParseTemplateBehavior [ RunTime:0.019613s ]
INFO: [ view_parse ] --END-- [ RunTime:0.019751s ]
INFO: [ view_filter ] --START--
INFO: Run Behavior\WriteHtmlCacheBehavior [ RunTime:0.000331s ]
INFO: [ view_filter ] --END-- [ RunTime:0.000402s ]
INFO: [ app_end ] --START--
INFO: Run Behavior\ShowPageTraceBehavior [ RunTime:0.000971s ]
INFO: [ app_end ] --END-- [ RunTime:0.001075s ]

[ 2016-08-04T09:38:35+08:00 ] ::1 /data/admin.php?s=/Device/hardware/p/4.html
INFO: [ app_init ] --START--
INFO: Run Behavior\BuildLiteBehavior [ RunTime:0.000040s ]
INFO: [ app_init ] --END-- [ RunTime:0.000790s ]
INFO: [ app_begin ] --START--
INFO: Run Behavior\ReadHtmlCacheBehavior [ RunTime:0.000741s ]
INFO: [ app_begin ] --END-- [ RunTime:0.000835s ]
SQL: SHOW COLUMNS FROM `tab_game_device` [ RunTime:0.0033s ]
NOTIC: [8] Undefined variable: w /Applications/MAMP/htdocs/data/Application/Admin/Controller/DeviceController.class.php 第 24 行.
NOTIC: [8] Undefined index: fields /Applications/MAMP/htdocs/data/Application/Admin/Controller/BaseController.class.php 第 109 行.
NOTIC: [8] Undefined index: key /Applications/MAMP/htdocs/data/Application/Admin/Controller/BaseController.class.php 第 114 行.
NOTIC: [2] Invalid argument supplied for foreach() /Applications/MAMP/htdocs/data/Application/Admin/Controller/BaseController.class.php 第 114 行.
SQL: SELECT `id`,`appid`,`uid`,`imei`,`app_version`,`device`,`size`,`available`,`width`,`height` FROM `tab_game_device` ORDER BY id desc LIMIT 30,10   [ RunTime:0.0008s ]
SQL: SELECT COUNT(*) AS tp_count FROM `tab_game_device` LIMIT 1   [ RunTime:0.0004s ]
INFO: [ view_parse ] --START--
INFO: [ template_filter ] --START--
INFO: Run Behavior\ContentReplaceBehavior [ RunTime:0.000174s ]
INFO: [ template_filter ] --END-- [ RunTime:0.000268s ]
INFO: Run Behavior\ParseTemplateBehavior [ RunTime:0.026474s ]
INFO: [ view_parse ] --END-- [ RunTime:0.026614s ]
INFO: [ view_filter ] --START--
INFO: Run Behavior\WriteHtmlCacheBehavior [ RunTime:0.000266s ]
INFO: [ view_filter ] --END-- [ RunTime:0.000333s ]
INFO: [ app_end ] --START--
INFO: Run Behavior\ShowPageTraceBehavior [ RunTime:0.001013s ]
INFO: [ app_end ] --END-- [ RunTime:0.001117s ]

[ 2016-08-04T09:38:42+08:00 ] ::1 /data/admin.php?s=/Device/net.html
INFO: [ app_init ] --START--
INFO: Run Behavior\BuildLiteBehavior [ RunTime:0.000036s ]
INFO: [ app_init ] --END-- [ RunTime:0.000658s ]
INFO: [ app_begin ] --START--
INFO: Run Behavior\ReadHtmlCacheBehavior [ RunTime:0.000813s ]
INFO: [ app_begin ] --END-- [ RunTime:0.000910s ]
INFO: [ view_parse ] --START--
INFO: [ template_filter ] --START--
INFO: Run Behavior\ContentReplaceBehavior [ RunTime:0.000173s ]
INFO: [ template_filter ] --END-- [ RunTime:0.000262s ]
INFO: Run Behavior\ParseTemplateBehavior [ RunTime:0.019289s ]
INFO: [ view_parse ] --END-- [ RunTime:0.019389s ]
INFO: [ view_filter ] --START--
INFO: Run Behavior\WriteHtmlCacheBehavior [ RunTime:0.000204s ]
INFO: [ view_filter ] --END-- [ RunTime:0.000266s ]
INFO: [ app_end ] --START--
INFO: Run Behavior\ShowPageTraceBehavior [ RunTime:0.000749s ]
INFO: [ app_end ] --END-- [ RunTime:0.000832s ]

[ 2016-08-04T09:38:42+08:00 ] ::1 /data/admin.php?s=/Device/net.html
INFO: [ app_init ] --START--
INFO: Run Behavior\BuildLiteBehavior [ RunTime:0.000025s ]
INFO: [ app_init ] --END-- [ RunTime:0.000597s ]
INFO: [ app_begin ] --START--
INFO: Run Behavior\ReadHtmlCacheBehavior [ RunTime:0.000662s ]
INFO: [ app_begin ] --END-- [ RunTime:0.000745s ]
SQL: SHOW COLUMNS FROM `tab_game_net` [ RunTime:0.0045s ]
SQL: SELECT `net` FROM `tab_game_net` WHERE `appid` = '54A468CAEB1273B0D' GROUP BY net  [ RunTime:0.0036s ]

[ 2016-08-04T09:38:45+08:00 ] ::1 /data/admin.php?s=/Device/os.html
INFO: [ app_init ] --START--
INFO: Run Behavior\BuildLiteBehavior [ RunTime:0.000121s ]
INFO: [ app_init ] --END-- [ RunTime:0.001456s ]
INFO: [ app_begin ] --START--
INFO: Run Behavior\ReadHtmlCacheBehavior [ RunTime:0.000602s ]
INFO: [ app_begin ] --END-- [ RunTime:0.000686s ]
INFO: [ view_parse ] --START--
INFO: [ template_filter ] --START--
INFO: Run Behavior\ContentReplaceBehavior [ RunTime:0.000094s ]
INFO: [ template_filter ] --END-- [ RunTime:0.000184s ]
INFO: Run Behavior\ParseTemplateBehavior [ RunTime:0.015507s ]
INFO: [ view_parse ] --END-- [ RunTime:0.015585s ]
INFO: [ view_filter ] --START--
INFO: Run Behavior\WriteHtmlCacheBehavior [ RunTime:0.000187s ]
INFO: [ view_filter ] --END-- [ RunTime:0.000244s ]
INFO: [ app_end ] --START--
INFO: Run Behavior\ShowPageTraceBehavior [ RunTime:0.000851s ]
INFO: [ app_end ] --END-- [ RunTime:0.000983s ]

[ 2016-08-04T09:38:45+08:00 ] ::1 /data/admin.php?s=/Device/os.html
INFO: [ app_init ] --START--
INFO: Run Behavior\BuildLiteBehavior [ RunTime:0.000031s ]
INFO: [ app_init ] --END-- [ RunTime:0.000740s ]
INFO: [ app_begin ] --START--
INFO: Run Behavior\ReadHtmlCacheBehavior [ RunTime:0.000999s ]
INFO: [ app_begin ] --END-- [ RunTime:0.001135s ]
SQL: SHOW COLUMNS FROM `tab_game_osinfo` [ RunTime:0.0025s ]
SQL: SELECT `name` FROM `tab_game_osinfo` WHERE `appid` = '54A468CAEB1273B0D' GROUP BY name  [ RunTime:0.0024s ]

[ 2016-08-04T09:38:45+08:00 ] ::1 /data/admin.php?s=/Device/os.html
INFO: [ app_init ] --START--
INFO: Run Behavior\BuildLiteBehavior [ RunTime:0.000050s ]
INFO: [ app_init ] --END-- [ RunTime:0.001039s ]
INFO: [ app_begin ] --START--
INFO: Run Behavior\ReadHtmlCacheBehavior [ RunTime:0.001537s ]
INFO: [ app_begin ] --END-- [ RunTime:0.001687s ]
SQL: SHOW COLUMNS FROM `tab_game_osinfo` [ RunTime:0.0019s ]
SQL: SELECT `and_version` FROM `tab_game_osinfo` WHERE `appid` = '54A468CAEB1273B0D' GROUP BY and_version  [ RunTime:0.0015s ]

[ 2016-08-04T09:38:45+08:00 ] ::1 /data/admin.php?s=/Device/os.html
INFO: [ app_init ] --START--
INFO: Run Behavior\BuildLiteBehavior [ RunTime:0.000071s ]
INFO: [ app_init ] --END-- [ RunTime:0.001464s ]
INFO: [ app_begin ] --START--
INFO: Run Behavior\ReadHtmlCacheBehavior [ RunTime:0.004780s ]
INFO: [ app_begin ] --END-- [ RunTime:0.005015s ]
SQL: SHOW COLUMNS FROM `tab_game_osinfo` [ RunTime:0.0019s ]
SQL: SELECT `version` FROM `tab_game_osinfo` WHERE `appid` = '54A468CAEB1273B0D' GROUP BY version  [ RunTime:0.0005s ]

[ 2016-08-04T09:38:45+08:00 ] ::1 /data/admin.php?s=/Device/os.html
INFO: [ app_init ] --START--
INFO: Run Behavior\BuildLiteBehavior [ RunTime:0.000064s ]
INFO: [ app_init ] --END-- [ RunTime:0.002165s ]
INFO: [ app_begin ] --START--
INFO: Run Behavior\ReadHtmlCacheBehavior [ RunTime:0.001450s ]
INFO: [ app_begin ] --END-- [ RunTime:0.001601s ]
SQL: SHOW COLUMNS FROM `tab_game_osinfo` [ RunTime:0.0039s ]
SQL: SELECT `linux_version` FROM `tab_game_osinfo` WHERE `appid` = '54A468CAEB1273B0D' GROUP BY linux_version  [ RunTime:0.0005s ]

[ 2016-08-04T09:38:48+08:00 ] ::1 /data/admin.php?s=/Device/apps.html
INFO: [ app_init ] --START--
INFO: Run Behavior\BuildLiteBehavior [ RunTime:0.000021s ]
INFO: [ app_init ] --END-- [ RunTime:0.000533s ]
INFO: [ app_begin ] --START--
INFO: Run Behavior\ReadHtmlCacheBehavior [ RunTime:0.000646s ]
INFO: [ app_begin ] --END-- [ RunTime:0.000731s ]
SQL: SHOW COLUMNS FROM `tab_game_apps` [ RunTime:0.0038s ]
NOTIC: [8] Undefined index: p /Applications/MAMP/htdocs/data/Application/Admin/Controller/DeviceController.class.php 第 105 行.
SQL: SELECT appid,apps_name,apps_size,apps_version,count(apps_name) as count FROM tab_game_apps  WHERE appid='54A468CAEB1273B0D' GROUP BY apps_name [ RunTime:0.0005s ]
SQL: SELECT appid,apps_name,apps_size,apps_version,count(apps_name) as count FROM tab_game_apps  WHERE appid='54A468CAEB1273B0D' GROUP BY apps_name LIMIT 0 , 10 [ RunTime:0.0004s ]
INFO: [ view_parse ] --START--
INFO: [ template_filter ] --START--
INFO: Run Behavior\ContentReplaceBehavior [ RunTime:0.000157s ]
INFO: [ template_filter ] --END-- [ RunTime:0.000245s ]
INFO: Run Behavior\ParseTemplateBehavior [ RunTime:0.019928s ]
INFO: [ view_parse ] --END-- [ RunTime:0.020046s ]
INFO: [ view_filter ] --START--
INFO: Run Behavior\WriteHtmlCacheBehavior [ RunTime:0.000209s ]
INFO: [ view_filter ] --END-- [ RunTime:0.000273s ]
INFO: [ app_end ] --START--
INFO: Run Behavior\ShowPageTraceBehavior [ RunTime:0.001019s ]
INFO: [ app_end ] --END-- [ RunTime:0.001123s ]

[ 2016-08-04T09:48:19+08:00 ] ::1 /data/admin.php?s=/Device/os.html
INFO: [ app_init ] --START--
INFO: Run Behavior\BuildLiteBehavior [ RunTime:0.000028s ]
INFO: [ app_init ] --END-- [ RunTime:0.000981s ]
INFO: [ app_begin ] --START--
INFO: Run Behavior\ReadHtmlCacheBehavior [ RunTime:0.001228s ]
INFO: [ app_begin ] --END-- [ RunTime:0.001353s ]
INFO: [ view_parse ] --START--
INFO: [ template_filter ] --START--
INFO: Run Behavior\ContentReplaceBehavior [ RunTime:0.000108s ]
INFO: [ template_filter ] --END-- [ RunTime:0.000210s ]
INFO: Run Behavior\ParseTemplateBehavior [ RunTime:0.020324s ]
INFO: [ view_parse ] --END-- [ RunTime:0.020495s ]
INFO: [ view_filter ] --START--
INFO: Run Behavior\WriteHtmlCacheBehavior [ RunTime:0.000805s ]
INFO: [ view_filter ] --END-- [ RunTime:0.000953s ]
INFO: [ app_end ] --START--
INFO: Run Behavior\ShowPageTraceBehavior [ RunTime:0.001588s ]
INFO: [ app_end ] --END-- [ RunTime:0.001739s ]

[ 2016-08-04T09:48:20+08:00 ] ::1 /data/admin.php?s=/Device/os.html
INFO: [ app_init ] --START--
INFO: Run Behavior\BuildLiteBehavior [ RunTime:0.000032s ]
INFO: [ app_init ] --END-- [ RunTime:0.005856s ]
INFO: [ app_begin ] --START--
INFO: Run Behavior\ReadHtmlCacheBehavior [ RunTime:0.001099s ]
INFO: [ app_begin ] --END-- [ RunTime:0.001241s ]
SQL: SHOW COLUMNS FROM `tab_game_osinfo` [ RunTime:0.0031s ]
SQL: SELECT `name` FROM `tab_game_osinfo` WHERE `appid` = '54A468CAEB1273B0D' GROUP BY name  [ RunTime:0.0008s ]

[ 2016-08-04T09:48:20+08:00 ] ::1 /data/admin.php?s=/Device/os.html
INFO: [ app_init ] --START--
INFO: Run Behavior\BuildLiteBehavior [ RunTime:0.000064s ]
INFO: [ app_init ] --END-- [ RunTime:0.003286s ]
INFO: [ app_begin ] --START--
INFO: Run Behavior\ReadHtmlCacheBehavior [ RunTime:0.000918s ]
INFO: [ app_begin ] --END-- [ RunTime:0.001026s ]
SQL: SHOW COLUMNS FROM `tab_game_osinfo` [ RunTime:0.0021s ]
SQL: SELECT `and_version` FROM `tab_game_osinfo` WHERE `appid` = '54A468CAEB1273B0D' GROUP BY and_version  [ RunTime:0.0005s ]

[ 2016-08-04T09:48:20+08:00 ] ::1 /data/admin.php?s=/Device/os.html
INFO: [ app_init ] --START--
INFO: Run Behavior\BuildLiteBehavior [ RunTime:0.000027s ]
INFO: [ app_init ] --END-- [ RunTime:0.000675s ]
INFO: [ app_begin ] --START--
INFO: Run Behavior\ReadHtmlCacheBehavior [ RunTime:0.000874s ]
INFO: [ app_begin ] --END-- [ RunTime:0.000977s ]
SQL: SHOW COLUMNS FROM `tab_game_osinfo` [ RunTime:0.0018s ]
SQL: SELECT `version` FROM `tab_game_osinfo` WHERE `appid` = '54A468CAEB1273B0D' GROUP BY version  [ RunTime:0.0004s ]

[ 2016-08-04T09:48:20+08:00 ] ::1 /data/admin.php?s=/Device/os.html
INFO: [ app_init ] --START--
INFO: Run Behavior\BuildLiteBehavior [ RunTime:0.000032s ]
INFO: [ app_init ] --END-- [ RunTime:0.000855s ]
INFO: [ app_begin ] --START--
INFO: Run Behavior\ReadHtmlCacheBehavior [ RunTime:0.000908s ]
INFO: [ app_begin ] --END-- [ RunTime:0.001026s ]
SQL: SHOW COLUMNS FROM `tab_game_osinfo` [ RunTime:0.0018s ]
SQL: SELECT `linux_version` FROM `tab_game_osinfo` WHERE `appid` = '54A468CAEB1273B0D' GROUP BY linux_version  [ RunTime:0.0004s ]

[ 2016-08-04T09:48:22+08:00 ] ::1 /data/admin.php?s=/Device/hardware.html
INFO: [ app_init ] --START--
INFO: Run Behavior\BuildLiteBehavior [ RunTime:0.000018s ]
INFO: [ app_init ] --END-- [ RunTime:0.000412s ]
INFO: [ app_begin ] --START--
INFO: Run Behavior\ReadHtmlCacheBehavior [ RunTime:0.000614s ]
INFO: [ app_begin ] --END-- [ RunTime:0.000694s ]
SQL: SHOW COLUMNS FROM `tab_game_device` [ RunTime:0.0019s ]
NOTIC: [8] Undefined variable: w /Applications/MAMP/htdocs/data/Application/Admin/Controller/DeviceController.class.php 第 24 行.
NOTIC: [8] Undefined index: p /Applications/MAMP/htdocs/data/Application/Admin/Controller/DeviceController.class.php 第 25 行.
NOTIC: [8] Undefined index: fields /Applications/MAMP/htdocs/data/Application/Admin/Controller/BaseController.class.php 第 109 行.
NOTIC: [8] Undefined index: key /Applications/MAMP/htdocs/data/Application/Admin/Controller/BaseController.class.php 第 114 行.
NOTIC: [2] Invalid argument supplied for foreach() /Applications/MAMP/htdocs/data/Application/Admin/Controller/BaseController.class.php 第 114 行.
SQL: SELECT `id`,`appid`,`uid`,`imei`,`app_version`,`device`,`size`,`available`,`width`,`height` FROM `tab_game_device` ORDER BY id desc LIMIT 0,10   [ RunTime:0.0005s ]
SQL: SELECT COUNT(*) AS tp_count FROM `tab_game_device` LIMIT 1   [ RunTime:0.0003s ]
INFO: [ view_parse ] --START--
INFO: [ template_filter ] --START--
INFO: Run Behavior\ContentReplaceBehavior [ RunTime:0.000103s ]
INFO: [ template_filter ] --END-- [ RunTime:0.000199s ]
INFO: Run Behavior\ParseTemplateBehavior [ RunTime:0.017766s ]
INFO: [ view_parse ] --END-- [ RunTime:0.017854s ]
INFO: [ view_filter ] --START--
INFO: Run Behavior\WriteHtmlCacheBehavior [ RunTime:0.000213s ]
INFO: [ view_filter ] --END-- [ RunTime:0.000277s ]
INFO: [ app_end ] --START--
INFO: Run Behavior\ShowPageTraceBehavior [ RunTime:0.000897s ]
INFO: [ app_end ] --END-- [ RunTime:0.001018s ]

[ 2016-08-04T09:51:18+08:00 ] ::1 /data/admin.php?s=/Device/hardware/p/3.html
INFO: [ app_init ] --START--
INFO: Run Behavior\BuildLiteBehavior [ RunTime:0.000021s ]
INFO: [ app_init ] --END-- [ RunTime:0.000492s ]
INFO: [ app_begin ] --START--
INFO: Run Behavior\ReadHtmlCacheBehavior [ RunTime:0.000720s ]
INFO: [ app_begin ] --END-- [ RunTime:0.000801s ]
SQL: SHOW COLUMNS FROM `tab_game_device` [ RunTime:0.0018s ]
NOTIC: [8] Undefined variable: w /Applications/MAMP/htdocs/data/Application/Admin/Controller/DeviceController.class.php 第 24 行.
NOTIC: [8] Undefined index: fields /Applications/MAMP/htdocs/data/Application/Admin/Controller/BaseController.class.php 第 109 行.
NOTIC: [8] Undefined index: key /Applications/MAMP/htdocs/data/Application/Admin/Controller/BaseController.class.php 第 114 行.
NOTIC: [2] Invalid argument supplied for foreach() /Applications/MAMP/htdocs/data/Application/Admin/Controller/BaseController.class.php 第 114 行.
SQL: SELECT `id`,`appid`,`uid`,`imei`,`app_version`,`device`,`size`,`available`,`width`,`height` FROM `tab_game_device` ORDER BY id desc LIMIT 20,10   [ RunTime:0.0005s ]
SQL: SELECT COUNT(*) AS tp_count FROM `tab_game_device` LIMIT 1   [ RunTime:0.0003s ]
INFO: [ view_parse ] --START--
INFO: [ template_filter ] --START--
INFO: Run Behavior\ContentReplaceBehavior [ RunTime:0.000092s ]
INFO: [ template_filter ] --END-- [ RunTime:0.000168s ]
INFO: Run Behavior\ParseTemplateBehavior [ RunTime:0.015975s ]
INFO: [ view_parse ] --END-- [ RunTime:0.016051s ]
INFO: [ view_filter ] --START--
INFO: Run Behavior\WriteHtmlCacheBehavior [ RunTime:0.000323s ]
INFO: [ view_filter ] --END-- [ RunTime:0.000386s ]
INFO: [ app_end ] --START--
INFO: Run Behavior\ShowPageTraceBehavior [ RunTime:0.000937s ]
INFO: [ app_end ] --END-- [ RunTime:0.001069s ]

