[ 2016-08-18T15:42:53+08:00 ] ::1 /data/admin.php
INFO: [ app_init ] --START--
INFO: Run Behavior\BuildLiteBehavior [ RunTime:0.000056s ]
INFO: [ app_init ] --END-- [ RunTime:0.001660s ]
INFO: [ app_begin ] --START--
INFO: Run Behavior\ReadHtmlCacheBehavior [ RunTime:0.001238s ]
INFO: [ app_begin ] --END-- [ RunTime:0.001349s ]

[ 2016-08-18T15:42:53+08:00 ] ::1 /data/admin.php?s=/Public/login.html
INFO: [ app_init ] --START--
INFO: Run Behavior\BuildLiteBehavior [ RunTime:0.000018s ]
INFO: [ app_init ] --END-- [ RunTime:0.000403s ]
INFO: [ app_begin ] --START--
INFO: Run Behavior\ReadHtmlCacheBehavior [ RunTime:0.001040s ]
INFO: [ app_begin ] --END-- [ RunTime:0.001278s ]
INFO: [ view_parse ] --START--
INFO: [ template_filter ] --START--
INFO: Run Behavior\ContentReplaceBehavior [ RunTime:0.001914s ]
INFO: [ template_filter ] --END-- [ RunTime:0.002092s ]
INFO: Run Behavior\ParseTemplateBehavior [ RunTime:0.026870s ]
INFO: [ view_parse ] --END-- [ RunTime:0.027054s ]
INFO: [ view_filter ] --START--
INFO: Run Behavior\WriteHtmlCacheBehavior [ RunTime:0.000881s ]
INFO: [ view_filter ] --END-- [ RunTime:0.001049s ]
INFO: [ app_end ] --START--
INFO: Run Behavior\ShowPageTraceBehavior [ RunTime:0.001770s ]
INFO: [ app_end ] --END-- [ RunTime:0.001999s ]

[ 2016-08-18T15:42:56+08:00 ] ::1 /data/admin.php?s=/Public/login.html
INFO: [ app_init ] --START--
INFO: Run Behavior\BuildLiteBehavior [ RunTime:0.000022s ]
INFO: [ app_init ] --END-- [ RunTime:0.000561s ]
INFO: [ app_begin ] --START--
INFO: Run Behavior\ReadHtmlCacheBehavior [ RunTime:0.000583s ]
INFO: [ app_begin ] --END-- [ RunTime:0.000662s ]
SQL: SHOW COLUMNS FROM `sys_member` [ RunTime:0.0030s ]
SQL: SELECT `uid`,`nickname`,`sex`,`birthday`,`qq`,`score`,`login`,`reg_ip`,`reg_time`,`last_login_ip`,`last_login_time`,`status` FROM `sys_member` WHERE `uid` = 1 LIMIT 1   [ RunTime:0.0009s ]
SQL: SHOW COLUMNS FROM `sys_action` [ RunTime:0.0017s ]
SQL: SELECT * FROM `sys_action` WHERE `name` = 'user_login' LIMIT 1   [ RunTime:0.0009s ]
SQL: SHOW COLUMNS FROM `sys_action_log` [ RunTime:0.0049s ]
SQL: INSERT INTO `sys_action_log` (`action_id`,`user_id`,`action_ip`,`model`,`record_id`,`create_time`,`remark`) VALUES ('1','1','0','member','1','1471506176','admin在2016-08-18 15:42登录了后台') [ RunTime:0.0055s ]
SQL: SELECT * FROM `sys_action` WHERE `name` = 'user_login' LIMIT 1   [ RunTime:0.0007s ]
NOTIC: [8] Undefined offset: 1 /Applications/MAMP/htdocs/data/Application/Common/Common/function.php 第 761 行.
NOTIC: [2] array_key_exists() expects parameter 2 to be array, null given /Applications/MAMP/htdocs/data/Application/Common/Common/function.php 第 761 行.
SQL: SELECT COUNT(*) AS tp_count FROM `sys_action_log` WHERE `action_id` = 1 AND `user_id` = 1 AND `create_time` > 1471419776 LIMIT 1   [ RunTime:0.0080s ]
SQL: SHOW COLUMNS FROM `sys_member` [ RunTime:0.0027s ]
SQL: UPDATE `sys_member` SET `score`=score+10 WHERE ( uid=1 AND status>-1 ) [ RunTime:0.0015s ]
SQL: UPDATE `sys_member` SET `login`=`login`+1,`last_login_time`='1471506176',`last_login_ip`='0' WHERE `uid` = 1 [ RunTime:0.0003s ]
INFO: [ view_parse ] --START--
INFO: [ template_filter ] --START--
INFO: Run Behavior\ContentReplaceBehavior [ RunTime:0.000086s ]
INFO: [ template_filter ] --END-- [ RunTime:0.000216s ]
INFO: Run Behavior\ParseTemplateBehavior [ RunTime:0.011865s ]
INFO: [ view_parse ] --END-- [ RunTime:0.012024s ]
INFO: [ view_filter ] --START--
INFO: Run Behavior\WriteHtmlCacheBehavior [ RunTime:0.000230s ]
INFO: [ view_filter ] --END-- [ RunTime:0.000297s ]
INFO: [ app_end ] --START--
INFO: Run Behavior\ShowPageTraceBehavior [ RunTime:0.000726s ]
INFO: [ app_end ] --END-- [ RunTime:0.000807s ]

[ 2016-08-18T15:42:57+08:00 ] ::1 /data/admin.php?s=/Index/index.html
INFO: [ app_init ] --START--
INFO: Run Behavior\BuildLiteBehavior [ RunTime:0.000023s ]
INFO: [ app_init ] --END-- [ RunTime:0.000704s ]
INFO: [ app_begin ] --START--
INFO: Run Behavior\ReadHtmlCacheBehavior [ RunTime:0.000651s ]
INFO: [ app_begin ] --END-- [ RunTime:0.000734s ]
SQL: SHOW COLUMNS FROM `tab_game` [ RunTime:0.0028s ]
NOTIC: [8] Undefined index: p /Applications/MAMP/htdocs/data/Application/Admin/Controller/IndexController.class.php 第 16 行.
NOTIC: [8] Undefined index: fields /Applications/MAMP/htdocs/data/Application/Admin/Controller/BaseController.class.php 第 109 行.
NOTIC: [8] Undefined index: key /Applications/MAMP/htdocs/data/Application/Admin/Controller/BaseController.class.php 第 114 行.
NOTIC: [2] Invalid argument supplied for foreach() /Applications/MAMP/htdocs/data/Application/Admin/Controller/BaseController.class.php 第 114 行.
SQL: SELECT `id`,`cp_uid`,`game_name`,`game_appid`,`sort`,`short`,`inbanner`,`banner_sort`,`game_type`,`platform`,`category`,`and_dow_address`,`and_package`,`use_appstore`,`appstore`,`ios_dow_address`,`game_address`,`dow_num`,`version`,`game_size`,`sicon`,`icon`,`cover`,`screen_direction`,`screenshot`,`game_status`,`recommend_status`,`pay_status`,`dow_status`,`game_score`,`features`,`recommend_level`,`create_time` FROM `tab_game` WHERE `cp_uid` = 1 ORDER BY id desc LIMIT 0,10   [ RunTime:0.0018s ]
SQL: SELECT COUNT(*) AS tp_count FROM `tab_game` WHERE `cp_uid` = 1 LIMIT 1   [ RunTime:0.0009s ]
INFO: [ view_parse ] --START--
INFO: [ template_filter ] --START--
INFO: Run Behavior\ContentReplaceBehavior [ RunTime:0.000094s ]
INFO: [ template_filter ] --END-- [ RunTime:0.000173s ]
INFO: Run Behavior\ParseTemplateBehavior [ RunTime:0.020491s ]
INFO: [ view_parse ] --END-- [ RunTime:0.020643s ]
INFO: [ view_filter ] --START--
INFO: Run Behavior\WriteHtmlCacheBehavior [ RunTime:0.000214s ]
INFO: [ view_filter ] --END-- [ RunTime:0.000274s ]
INFO: [ app_end ] --START--
INFO: Run Behavior\ShowPageTraceBehavior [ RunTime:0.000673s ]
INFO: [ app_end ] --END-- [ RunTime:0.000743s ]

[ 2016-08-18T15:43:01+08:00 ] ::1 /data/admin.php?s=/User/logincount/appid/54A468CAEB1273B0D.html
INFO: [ app_init ] --START--
INFO: Run Behavior\BuildLiteBehavior [ RunTime:0.000021s ]
INFO: [ app_init ] --END-- [ RunTime:0.000477s ]
INFO: [ app_begin ] --START--
INFO: Run Behavior\ReadHtmlCacheBehavior [ RunTime:0.000862s ]
INFO: [ app_begin ] --END-- [ RunTime:0.000959s ]
INFO: [ view_parse ] --START--
INFO: [ template_filter ] --START--
INFO: Run Behavior\ContentReplaceBehavior [ RunTime:0.000107s ]
INFO: [ template_filter ] --END-- [ RunTime:0.000205s ]
INFO: Run Behavior\ParseTemplateBehavior [ RunTime:0.017103s ]
INFO: [ view_parse ] --END-- [ RunTime:0.017268s ]
INFO: [ view_filter ] --START--
INFO: Run Behavior\WriteHtmlCacheBehavior [ RunTime:0.000266s ]
INFO: [ view_filter ] --END-- [ RunTime:0.000334s ]
INFO: [ app_end ] --START--
INFO: Run Behavior\ShowPageTraceBehavior [ RunTime:0.001373s ]
INFO: [ app_end ] --END-- [ RunTime:0.001527s ]

[ 2016-08-18T15:43:01+08:00 ] ::1 /data/admin.php?s=/User/logincount/appid/54A468CAEB1273B0D.html
INFO: [ app_init ] --START--
INFO: Run Behavior\BuildLiteBehavior [ RunTime:0.000030s ]
INFO: [ app_init ] --END-- [ RunTime:0.000749s ]
INFO: [ app_begin ] --START--
INFO: Run Behavior\ReadHtmlCacheBehavior [ RunTime:0.001344s ]
INFO: [ app_begin ] --END-- [ RunTime:0.001539s ]
SQL: SHOW COLUMNS FROM `tab_game_login` [ RunTime:0.0079s ]
SQL: SELECT * FROM `tab_game_login` WHERE `login_time` BETWEEN 1471449600 AND 1471535999 AND `appid` = '54A468CAEB1273B0D'  [ RunTime:0.0044s ]

[ 2016-08-18T16:05:11+08:00 ] ::1 /data/admin.php
INFO: [ app_init ] --START--
INFO: Run Behavior\BuildLiteBehavior [ RunTime:0.000038s ]
INFO: [ app_init ] --END-- [ RunTime:0.000914s ]
INFO: [ app_begin ] --START--
INFO: Run Behavior\ReadHtmlCacheBehavior [ RunTime:0.001034s ]
INFO: [ app_begin ] --END-- [ RunTime:0.001164s ]
SQL: SHOW COLUMNS FROM `tab_game` [ RunTime:0.0041s ]
NOTIC: [8] Undefined index: p /Applications/MAMP/htdocs/data/Application/Admin/Controller/IndexController.class.php 第 16 行.
NOTIC: [8] Undefined index: fields /Applications/MAMP/htdocs/data/Application/Admin/Controller/BaseController.class.php 第 109 行.
NOTIC: [8] Undefined index: key /Applications/MAMP/htdocs/data/Application/Admin/Controller/BaseController.class.php 第 114 行.
NOTIC: [2] Invalid argument supplied for foreach() /Applications/MAMP/htdocs/data/Application/Admin/Controller/BaseController.class.php 第 114 行.
SQL: SELECT `id`,`cp_uid`,`game_name`,`game_appid`,`sort`,`short`,`inbanner`,`banner_sort`,`game_type`,`platform`,`category`,`and_dow_address`,`and_package`,`use_appstore`,`appstore`,`ios_dow_address`,`game_address`,`dow_num`,`version`,`game_size`,`sicon`,`icon`,`cover`,`screen_direction`,`screenshot`,`game_status`,`recommend_status`,`pay_status`,`dow_status`,`game_score`,`features`,`recommend_level`,`create_time` FROM `tab_game` WHERE `cp_uid` = 1 ORDER BY id desc LIMIT 0,10   [ RunTime:0.0009s ]
SQL: SELECT COUNT(*) AS tp_count FROM `tab_game` WHERE `cp_uid` = 1 LIMIT 1   [ RunTime:0.0005s ]
INFO: [ view_parse ] --START--
INFO: [ template_filter ] --START--
INFO: Run Behavior\ContentReplaceBehavior [ RunTime:0.000285s ]
INFO: [ template_filter ] --END-- [ RunTime:0.000401s ]
INFO: Run Behavior\ParseTemplateBehavior [ RunTime:0.025345s ]
INFO: [ view_parse ] --END-- [ RunTime:0.025477s ]
INFO: [ view_filter ] --START--
INFO: Run Behavior\WriteHtmlCacheBehavior [ RunTime:0.000232s ]
INFO: [ view_filter ] --END-- [ RunTime:0.000301s ]
INFO: [ app_end ] --START--
INFO: Run Behavior\ShowPageTraceBehavior [ RunTime:0.000753s ]
INFO: [ app_end ] --END-- [ RunTime:0.000835s ]

[ 2016-08-18T16:05:20+08:00 ] ::1 /data/admin.php?s=/User/logincount/appid/54A468CAEB1273B0D.html
INFO: [ app_init ] --START--
INFO: Run Behavior\BuildLiteBehavior [ RunTime:0.000030s ]
INFO: [ app_init ] --END-- [ RunTime:0.000676s ]
INFO: [ app_begin ] --START--
INFO: Run Behavior\ReadHtmlCacheBehavior [ RunTime:0.000859s ]
INFO: [ app_begin ] --END-- [ RunTime:0.000970s ]
INFO: [ view_parse ] --START--
INFO: [ template_filter ] --START--
INFO: Run Behavior\ContentReplaceBehavior [ RunTime:0.000410s ]
INFO: [ template_filter ] --END-- [ RunTime:0.000586s ]
INFO: Run Behavior\ParseTemplateBehavior [ RunTime:0.021181s ]
INFO: [ view_parse ] --END-- [ RunTime:0.021292s ]
INFO: [ view_filter ] --START--
INFO: Run Behavior\WriteHtmlCacheBehavior [ RunTime:0.000231s ]
INFO: [ view_filter ] --END-- [ RunTime:0.000300s ]
INFO: [ app_end ] --START--
INFO: Run Behavior\ShowPageTraceBehavior [ RunTime:0.001009s ]
INFO: [ app_end ] --END-- [ RunTime:0.001156s ]

[ 2016-08-18T16:05:20+08:00 ] ::1 /data/admin.php?s=/User/logincount/appid/54A468CAEB1273B0D.html
INFO: [ app_init ] --START--
INFO: Run Behavior\BuildLiteBehavior [ RunTime:0.000024s ]
INFO: [ app_init ] --END-- [ RunTime:0.000536s ]
INFO: [ app_begin ] --START--
INFO: Run Behavior\ReadHtmlCacheBehavior [ RunTime:0.000811s ]
INFO: [ app_begin ] --END-- [ RunTime:0.000933s ]
SQL: SHOW COLUMNS FROM `tab_game_login` [ RunTime:0.0022s ]
SQL: SELECT * FROM `tab_game_login` WHERE `login_time` BETWEEN 1471449600 AND 1471535999 AND `appid` = '54A468CAEB1273B0D'  [ RunTime:0.0008s ]

