[ 2016-07-30T13:48:01+08:00 ] 127.0.0.1 /data/admin.php?s=/User/logincount.html
INFO: [ app_init ] --START--
INFO: Run Behavior\BuildLiteBehavior [ RunTime:0.000035s ]
INFO: [ app_init ] --END-- [ RunTime:0.001227s ]
INFO: [ app_begin ] --START--
INFO: Run Behavior\ReadHtmlCacheBehavior [ RunTime:0.001627s ]
INFO: [ app_begin ] --END-- [ RunTime:0.001929s ]

[ 2016-07-30T13:48:01+08:00 ] 127.0.0.1 /data/admin.php?s=/Public/login.html
INFO: [ app_init ] --START--
INFO: Run Behavior\BuildLiteBehavior [ RunTime:0.000032s ]
INFO: [ app_init ] --END-- [ RunTime:0.000640s ]
INFO: [ app_begin ] --START--
INFO: Run Behavior\ReadHtmlCacheBehavior [ RunTime:0.000789s ]
INFO: [ app_begin ] --END-- [ RunTime:0.000884s ]
INFO: [ view_parse ] --START--
INFO: [ template_filter ] --START--
INFO: Run Behavior\ContentReplaceBehavior [ RunTime:0.000711s ]
INFO: [ template_filter ] --END-- [ RunTime:0.000841s ]
INFO: Run Behavior\ParseTemplateBehavior [ RunTime:0.016099s ]
INFO: [ view_parse ] --END-- [ RunTime:0.016225s ]
INFO: [ view_filter ] --START--
INFO: Run Behavior\WriteHtmlCacheBehavior [ RunTime:0.000649s ]
INFO: [ view_filter ] --END-- [ RunTime:0.000732s ]
INFO: [ app_end ] --START--
INFO: Run Behavior\ShowPageTraceBehavior [ RunTime:0.001249s ]
INFO: [ app_end ] --END-- [ RunTime:0.001332s ]

[ 2016-07-30T13:48:03+08:00 ] 127.0.0.1 /data/admin.php?s=/Public/login.html
INFO: [ app_init ] --START--
INFO: Run Behavior\BuildLiteBehavior [ RunTime:0.000018s ]
INFO: [ app_init ] --END-- [ RunTime:0.000448s ]
INFO: [ app_begin ] --START--
INFO: Run Behavior\ReadHtmlCacheBehavior [ RunTime:0.000572s ]
INFO: [ app_begin ] --END-- [ RunTime:0.000649s ]
SQL: SHOW COLUMNS FROM `sys_member` [ RunTime:0.0022s ]
SQL: SELECT `uid`,`nickname`,`sex`,`birthday`,`qq`,`score`,`login`,`reg_ip`,`reg_time`,`last_login_ip`,`last_login_time`,`status` FROM `sys_member` WHERE `uid` = 1 LIMIT 1   [ RunTime:0.0011s ]
SQL: SHOW COLUMNS FROM `sys_action` [ RunTime:0.0046s ]
SQL: SELECT * FROM `sys_action` WHERE `name` = 'user_login' LIMIT 1   [ RunTime:0.0008s ]
SQL: SHOW COLUMNS FROM `sys_member` [ RunTime:0.0022s ]
SQL: SELECT `nickname` FROM `sys_member` WHERE `uid` = 1 LIMIT 1   [ RunTime:0.0003s ]
SQL: SHOW COLUMNS FROM `sys_action_log` [ RunTime:0.0050s ]
SQL: INSERT INTO `sys_action_log` (`action_id`,`user_id`,`action_ip`,`model`,`record_id`,`create_time`,`remark`) VALUES ('1','1','2130706433','member','1','1469857683','admin在2016-07-30 13:48登录了后台') [ RunTime:0.0018s ]
SQL: SELECT * FROM `sys_action` WHERE `name` = 'user_login' LIMIT 1   [ RunTime:0.0007s ]
NOTIC: [8] Undefined offset: 1 /Applications/MAMP/htdocs/data/Application/Common/Common/function.php 第 761 行.
NOTIC: [2] array_key_exists() expects parameter 2 to be array, null given /Applications/MAMP/htdocs/data/Application/Common/Common/function.php 第 761 行.
SQL: SELECT COUNT(*) AS tp_count FROM `sys_action_log` WHERE `action_id` = 1 AND `user_id` = 1 AND `create_time` > 1469771283 LIMIT 1   [ RunTime:0.0075s ]
SQL: UPDATE `sys_member` SET `score`=score+10 WHERE ( uid=1 AND status>-1 ) [ RunTime:0.0011s ]
SQL: UPDATE `sys_member` SET `login`=`login`+1,`last_login_time`='1469857683',`last_login_ip`='2130706433' WHERE `uid` = 1 [ RunTime:0.0003s ]
INFO: [ view_parse ] --START--
INFO: [ template_filter ] --START--
INFO: Run Behavior\ContentReplaceBehavior [ RunTime:0.000120s ]
INFO: [ template_filter ] --END-- [ RunTime:0.000231s ]
INFO: Run Behavior\ParseTemplateBehavior [ RunTime:0.012196s ]
INFO: [ view_parse ] --END-- [ RunTime:0.012282s ]
INFO: [ view_filter ] --START--
INFO: Run Behavior\WriteHtmlCacheBehavior [ RunTime:0.000222s ]
INFO: [ view_filter ] --END-- [ RunTime:0.000288s ]
INFO: [ app_end ] --START--
INFO: Run Behavior\ShowPageTraceBehavior [ RunTime:0.000714s ]
INFO: [ app_end ] --END-- [ RunTime:0.000797s ]

[ 2016-07-30T13:48:05+08:00 ] 127.0.0.1 /data/admin.php?s=/Index/index.html
INFO: [ app_init ] --START--
INFO: Run Behavior\BuildLiteBehavior [ RunTime:0.000024s ]
INFO: [ app_init ] --END-- [ RunTime:0.000623s ]
INFO: [ app_begin ] --START--
INFO: Run Behavior\ReadHtmlCacheBehavior [ RunTime:0.000599s ]
INFO: [ app_begin ] --END-- [ RunTime:0.000676s ]
SQL: SHOW COLUMNS FROM `tab_game` [ RunTime:0.0031s ]
NOTIC: [8] Undefined index: p /Applications/MAMP/htdocs/data/Application/Admin/Controller/IndexController.class.php 第 16 行.
NOTIC: [8] Undefined index: fields /Applications/MAMP/htdocs/data/Application/Admin/Controller/BaseController.class.php 第 109 行.
NOTIC: [8] Undefined index: key /Applications/MAMP/htdocs/data/Application/Admin/Controller/BaseController.class.php 第 114 行.
NOTIC: [2] Invalid argument supplied for foreach() /Applications/MAMP/htdocs/data/Application/Admin/Controller/BaseController.class.php 第 114 行.
SQL: SELECT `id`,`cp_uid`,`game_name`,`game_appid`,`sort`,`short`,`inbanner`,`banner_sort`,`game_type`,`platform`,`category`,`and_dow_address`,`and_package`,`use_appstore`,`appstore`,`ios_dow_address`,`game_address`,`dow_num`,`version`,`game_size`,`sicon`,`icon`,`cover`,`screen_direction`,`screenshot`,`game_status`,`recommend_status`,`pay_status`,`dow_status`,`game_score`,`features`,`recommend_level`,`create_time` FROM `tab_game` WHERE `cp_uid` = 1 ORDER BY id desc LIMIT 0,10   [ RunTime:0.0011s ]
SQL: SELECT COUNT(*) AS tp_count FROM `tab_game` WHERE `cp_uid` = 1 LIMIT 1   [ RunTime:0.0005s ]
INFO: [ view_parse ] --START--
INFO: [ template_filter ] --START--
INFO: Run Behavior\ContentReplaceBehavior [ RunTime:0.000125s ]
INFO: [ template_filter ] --END-- [ RunTime:0.000210s ]
INFO: Run Behavior\ParseTemplateBehavior [ RunTime:0.023889s ]
INFO: [ view_parse ] --END-- [ RunTime:0.024014s ]
INFO: [ view_filter ] --START--
INFO: Run Behavior\WriteHtmlCacheBehavior [ RunTime:0.000221s ]
INFO: [ view_filter ] --END-- [ RunTime:0.000281s ]
INFO: [ app_end ] --START--
INFO: Run Behavior\ShowPageTraceBehavior [ RunTime:0.000619s ]
INFO: [ app_end ] --END-- [ RunTime:0.000684s ]

[ 2016-07-30T13:48:11+08:00 ] 127.0.0.1 /data/admin.php?s=/User/logincount/appid/54A468CAEB1273B0D.html
INFO: [ app_init ] --START--
INFO: Run Behavior\BuildLiteBehavior [ RunTime:0.000017s ]
INFO: [ app_init ] --END-- [ RunTime:0.000399s ]
INFO: [ app_begin ] --START--
INFO: Run Behavior\ReadHtmlCacheBehavior [ RunTime:0.000548s ]
INFO: [ app_begin ] --END-- [ RunTime:0.000612s ]
INFO: [ view_parse ] --START--
INFO: [ template_filter ] --START--
INFO: Run Behavior\ContentReplaceBehavior [ RunTime:0.000376s ]
INFO: [ template_filter ] --END-- [ RunTime:0.000634s ]
INFO: Run Behavior\ParseTemplateBehavior [ RunTime:0.020066s ]
INFO: [ view_parse ] --END-- [ RunTime:0.020148s ]
INFO: [ view_filter ] --START--
INFO: Run Behavior\WriteHtmlCacheBehavior [ RunTime:0.000201s ]
INFO: [ view_filter ] --END-- [ RunTime:0.000271s ]
INFO: [ app_end ] --START--
INFO: Run Behavior\ShowPageTraceBehavior [ RunTime:0.000967s ]
INFO: [ app_end ] --END-- [ RunTime:0.001093s ]

[ 2016-07-30T13:48:11+08:00 ] 127.0.0.1 /data/admin.php?s=/User/logincount/appid/54A468CAEB1273B0D.html
INFO: [ app_init ] --START--
INFO: Run Behavior\BuildLiteBehavior [ RunTime:0.000021s ]
INFO: [ app_init ] --END-- [ RunTime:0.000496s ]
INFO: [ app_begin ] --START--
INFO: Run Behavior\ReadHtmlCacheBehavior [ RunTime:0.000631s ]
INFO: [ app_begin ] --END-- [ RunTime:0.000708s ]
SQL: SHOW COLUMNS FROM `tab_game_login` [ RunTime:0.0070s ]
SQL: SELECT * FROM `tab_game_login` WHERE `login_time` BETWEEN 1469808000 AND 1469894399 AND `appid` = '54A468CAEB1273B0D'  [ RunTime:0.0127s ]

