[ 2016-07-27T10:31:28+08:00 ] ::1 /data/admin.php
INFO: [ app_init ] --START--
INFO: Run Behavior\BuildLiteBehavior [ RunTime:0.000046s ]
INFO: [ app_init ] --END-- [ RunTime:0.001101s ]
INFO: [ app_begin ] --START--
INFO: Run Behavior\ReadHtmlCacheBehavior [ RunTime:0.001159s ]
INFO: [ app_begin ] --END-- [ RunTime:0.001325s ]
SQL: SHOW COLUMNS FROM `tab_game` [ RunTime:0.0062s ]
NOTIC: [8] Undefined index: p /Applications/MAMP/htdocs/data/Application/Admin/Controller/IndexController.class.php 第 16 行.
NOTIC: [8] Undefined index: fields /Applications/MAMP/htdocs/data/Application/Admin/Controller/BaseController.class.php 第 109 行.
NOTIC: [8] Undefined index: key /Applications/MAMP/htdocs/data/Application/Admin/Controller/BaseController.class.php 第 114 行.
NOTIC: [2] Invalid argument supplied for foreach() /Applications/MAMP/htdocs/data/Application/Admin/Controller/BaseController.class.php 第 114 行.
SQL: SELECT `id`,`cp_uid`,`game_name`,`game_appid`,`sort`,`short`,`inbanner`,`banner_sort`,`game_type`,`platform`,`category`,`and_dow_address`,`and_package`,`use_appstore`,`appstore`,`ios_dow_address`,`game_address`,`dow_num`,`version`,`game_size`,`sicon`,`icon`,`cover`,`screen_direction`,`screenshot`,`game_status`,`recommend_status`,`pay_status`,`dow_status`,`game_score`,`features`,`recommend_level`,`create_time` FROM `tab_game` WHERE `cp_uid` = 5 ORDER BY id desc LIMIT 0,10   [ RunTime:0.0012s ]
SQL: SELECT COUNT(*) AS tp_count FROM `tab_game` WHERE `cp_uid` = 5 LIMIT 1   [ RunTime:0.0009s ]
INFO: [ view_parse ] --START--
INFO: [ template_filter ] --START--
INFO: Run Behavior\ContentReplaceBehavior [ RunTime:0.001267s ]
INFO: [ template_filter ] --END-- [ RunTime:0.001443s ]
INFO: Run Behavior\ParseTemplateBehavior [ RunTime:0.041648s ]
INFO: [ view_parse ] --END-- [ RunTime:0.041820s ]
INFO: [ view_filter ] --START--
INFO: Run Behavior\WriteHtmlCacheBehavior [ RunTime:0.000418s ]
INFO: [ view_filter ] --END-- [ RunTime:0.000540s ]
INFO: [ app_end ] --START--
INFO: Run Behavior\ShowPageTraceBehavior [ RunTime:0.001310s ]
INFO: [ app_end ] --END-- [ RunTime:0.001532s ]

[ 2016-07-27T10:31:32+08:00 ] ::1 /data/admin.php?s=/User/logincount/appid/F2C6860F23F0E1471.html
INFO: [ app_init ] --START--
INFO: Run Behavior\BuildLiteBehavior [ RunTime:0.000028s ]
INFO: [ app_init ] --END-- [ RunTime:0.000621s ]
INFO: [ app_begin ] --START--
INFO: Run Behavior\ReadHtmlCacheBehavior [ RunTime:0.000782s ]
INFO: [ app_begin ] --END-- [ RunTime:0.000877s ]
INFO: [ view_parse ] --START--
INFO: [ template_filter ] --START--
INFO: Run Behavior\ContentReplaceBehavior [ RunTime:0.000222s ]
INFO: [ template_filter ] --END-- [ RunTime:0.000363s ]
INFO: Run Behavior\ParseTemplateBehavior [ RunTime:0.019434s ]
INFO: [ view_parse ] --END-- [ RunTime:0.019565s ]
INFO: [ view_filter ] --START--
INFO: Run Behavior\WriteHtmlCacheBehavior [ RunTime:0.000364s ]
INFO: [ view_filter ] --END-- [ RunTime:0.000474s ]
INFO: [ app_end ] --START--
INFO: Run Behavior\ShowPageTraceBehavior [ RunTime:0.001544s ]
INFO: [ app_end ] --END-- [ RunTime:0.001751s ]

[ 2016-07-27T10:31:33+08:00 ] ::1 /data/admin.php?s=/User/logincount/appid/F2C6860F23F0E1471.html
INFO: [ app_init ] --START--
INFO: Run Behavior\BuildLiteBehavior [ RunTime:0.000023s ]
INFO: [ app_init ] --END-- [ RunTime:0.000525s ]
INFO: [ app_begin ] --START--
INFO: Run Behavior\ReadHtmlCacheBehavior [ RunTime:0.001013s ]
INFO: [ app_begin ] --END-- [ RunTime:0.001136s ]
SQL: SHOW COLUMNS FROM `tab_game_login` [ RunTime:0.0048s ]
SQL: SELECT * FROM `tab_game_login` WHERE `login_time` BETWEEN 1469548800 AND 1469635199 AND `appid` = 'F2C6860F23F0E1471'  [ RunTime:0.0007s ]

[ 2016-07-27T10:31:41+08:00 ] ::1 /data/admin.php?s=/Device/hardware.html
INFO: [ app_init ] --START--
INFO: Run Behavior\BuildLiteBehavior [ RunTime:0.000028s ]
INFO: [ app_init ] --END-- [ RunTime:0.000695s ]
INFO: [ app_begin ] --START--
INFO: Run Behavior\ReadHtmlCacheBehavior [ RunTime:0.000692s ]
INFO: [ app_begin ] --END-- [ RunTime:0.000784s ]
SQL: SHOW COLUMNS FROM `tab_game_device` [ RunTime:0.0047s ]
NOTIC: [8] Undefined variable: w /Applications/MAMP/htdocs/data/Application/Admin/Controller/DeviceController.class.php 第 24 行.
NOTIC: [8] Undefined index: p /Applications/MAMP/htdocs/data/Application/Admin/Controller/DeviceController.class.php 第 25 行.
NOTIC: [8] Undefined index: fields /Applications/MAMP/htdocs/data/Application/Admin/Controller/BaseController.class.php 第 109 行.
NOTIC: [8] Undefined index: key /Applications/MAMP/htdocs/data/Application/Admin/Controller/BaseController.class.php 第 114 行.
NOTIC: [2] Invalid argument supplied for foreach() /Applications/MAMP/htdocs/data/Application/Admin/Controller/BaseController.class.php 第 114 行.
SQL: SELECT `id`,`appid`,`uid`,`imei`,`app_version`,`device`,`size`,`available`,`width`,`height` FROM `tab_game_device` ORDER BY id desc LIMIT 0,10   [ RunTime:0.0005s ]
SQL: SELECT COUNT(*) AS tp_count FROM `tab_game_device` LIMIT 1   [ RunTime:0.0003s ]
INFO: [ view_parse ] --START--
INFO: [ template_filter ] --START--
INFO: Run Behavior\ContentReplaceBehavior [ RunTime:0.000237s ]
INFO: [ template_filter ] --END-- [ RunTime:0.000352s ]
INFO: Run Behavior\ParseTemplateBehavior [ RunTime:0.019668s ]
INFO: [ view_parse ] --END-- [ RunTime:0.019763s ]
INFO: [ view_filter ] --START--
INFO: Run Behavior\WriteHtmlCacheBehavior [ RunTime:0.000203s ]
INFO: [ view_filter ] --END-- [ RunTime:0.000273s ]
INFO: [ app_end ] --START--
INFO: Run Behavior\ShowPageTraceBehavior [ RunTime:0.000955s ]
INFO: [ app_end ] --END-- [ RunTime:0.001074s ]

[ 2016-07-27T10:31:47+08:00 ] ::1 /data/admin.php?s=/User/recharge.html
INFO: [ app_init ] --START--
INFO: Run Behavior\BuildLiteBehavior [ RunTime:0.000026s ]
INFO: [ app_init ] --END-- [ RunTime:0.000666s ]
INFO: [ app_begin ] --START--
INFO: Run Behavior\ReadHtmlCacheBehavior [ RunTime:0.000619s ]
INFO: [ app_begin ] --END-- [ RunTime:0.000702s ]
SQL: SHOW COLUMNS FROM `tab_game_recharge` [ RunTime:0.0037s ]
NOTIC: [8] Undefined index: p /Applications/MAMP/htdocs/data/Application/Admin/Controller/UserController.class.php 第 48 行.
NOTIC: [8] Undefined index: fields /Applications/MAMP/htdocs/data/Application/Admin/Controller/BaseController.class.php 第 109 行.
NOTIC: [8] Undefined index: key /Applications/MAMP/htdocs/data/Application/Admin/Controller/BaseController.class.php 第 114 行.
NOTIC: [2] Invalid argument supplied for foreach() /Applications/MAMP/htdocs/data/Application/Admin/Controller/BaseController.class.php 第 114 行.
SQL: SELECT `id`,`appid`,`uid`,`imei`,`app_version`,`amount`,`ontime`,`way`,`recharge_ip` FROM `tab_game_recharge` WHERE `appid` = 'F2C6860F23F0E1471' ORDER BY id desc LIMIT 0,10   [ RunTime:0.0004s ]
SQL: SELECT COUNT(*) AS tp_count FROM `tab_game_recharge` WHERE `appid` = 'F2C6860F23F0E1471' LIMIT 1   [ RunTime:0.0003s ]
INFO: [ view_parse ] --START--
INFO: [ template_filter ] --START--
INFO: Run Behavior\ContentReplaceBehavior [ RunTime:0.000134s ]
INFO: [ template_filter ] --END-- [ RunTime:0.000218s ]
INFO: Run Behavior\ParseTemplateBehavior [ RunTime:0.018937s ]
INFO: [ view_parse ] --END-- [ RunTime:0.019024s ]
INFO: [ view_filter ] --START--
INFO: Run Behavior\WriteHtmlCacheBehavior [ RunTime:0.000206s ]
INFO: [ view_filter ] --END-- [ RunTime:0.000320s ]
INFO: [ app_end ] --START--
INFO: Run Behavior\ShowPageTraceBehavior [ RunTime:0.001059s ]
INFO: [ app_end ] --END-- [ RunTime:0.001196s ]

[ 2016-07-27T10:31:51+08:00 ] ::1 /data/admin.php?s=/Device/hardware.html
INFO: [ app_init ] --START--
INFO: Run Behavior\BuildLiteBehavior [ RunTime:0.000024s ]
INFO: [ app_init ] --END-- [ RunTime:0.000565s ]
INFO: [ app_begin ] --START--
INFO: Run Behavior\ReadHtmlCacheBehavior [ RunTime:0.000850s ]
INFO: [ app_begin ] --END-- [ RunTime:0.000947s ]
SQL: SHOW COLUMNS FROM `tab_game_device` [ RunTime:0.0020s ]
NOTIC: [8] Undefined variable: w /Applications/MAMP/htdocs/data/Application/Admin/Controller/DeviceController.class.php 第 24 行.
NOTIC: [8] Undefined index: p /Applications/MAMP/htdocs/data/Application/Admin/Controller/DeviceController.class.php 第 25 行.
NOTIC: [8] Undefined index: fields /Applications/MAMP/htdocs/data/Application/Admin/Controller/BaseController.class.php 第 109 行.
NOTIC: [8] Undefined index: key /Applications/MAMP/htdocs/data/Application/Admin/Controller/BaseController.class.php 第 114 行.
NOTIC: [2] Invalid argument supplied for foreach() /Applications/MAMP/htdocs/data/Application/Admin/Controller/BaseController.class.php 第 114 行.
SQL: SELECT `id`,`appid`,`uid`,`imei`,`app_version`,`device`,`size`,`available`,`width`,`height` FROM `tab_game_device` ORDER BY id desc LIMIT 0,10   [ RunTime:0.0010s ]
SQL: SELECT COUNT(*) AS tp_count FROM `tab_game_device` LIMIT 1   [ RunTime:0.0007s ]
INFO: [ view_parse ] --START--
INFO: [ template_filter ] --START--
INFO: Run Behavior\ContentReplaceBehavior [ RunTime:0.000108s ]
INFO: [ template_filter ] --END-- [ RunTime:0.000197s ]
INFO: Run Behavior\ParseTemplateBehavior [ RunTime:0.018084s ]
INFO: [ view_parse ] --END-- [ RunTime:0.018162s ]
INFO: [ view_filter ] --START--
INFO: Run Behavior\WriteHtmlCacheBehavior [ RunTime:0.000198s ]
INFO: [ view_filter ] --END-- [ RunTime:0.000261s ]
INFO: [ app_end ] --START--
INFO: Run Behavior\ShowPageTraceBehavior [ RunTime:0.000866s ]
INFO: [ app_end ] --END-- [ RunTime:0.000990s ]

